<?xml version="1.0" encoding="UTF-8"?>
<!-- Generated by org.testng.reporters.JUnitXMLReporter -->
<testsuite hostname="DESKTOP-AFRULSQ" ignored="0" name="Default test(failed)" tests="1" failures="0" timestamp="10 Mar 2020 09:38:37 GMT" time="26.733" errors="0">
  <testcase name="@BeforeClass setUpBeforeClass" time="26.67" classname="com.training.sanity.tests.RealEstatetestcasesRETC_034">
    <failure type="org.openqa.selenium.WebDriverException" message="Reached error page: about:neterror?e=netTimeout&amp;amp;u=http%3A//realty-real-estatem1.upskills.in/admin&amp;amp;c=UTF-8&amp;amp;f=regular&amp;amp;d=The%20server%20at%20realty-real-estatem1.upskills.in%20is%20taking%20too%20long%20to%20respond.
Build info: version: &amp;apos;3.6.0&amp;apos;, revision: &amp;apos;6fbf3ec767&amp;apos;, time: &amp;apos;2017-09-27T15:28:36.4Z&amp;apos;
System info: host: &amp;apos;DESKTOP-AFRULSQ&amp;apos;, ip: &amp;apos;9.85.70.2&amp;apos;, os.name: &amp;apos;Windows 10&amp;apos;, os.arch: &amp;apos;amd64&amp;apos;, os.version: &amp;apos;10.0&amp;apos;, java.version: &amp;apos;1.8.0_231&amp;apos;
Driver info: org.openqa.selenium.firefox.FirefoxDriver
Capabilities [{moz:profile=C:\Users\SUHASINIPOKKALLA\AppData\Local\Temp\rust_mozprofilezOCvuf, rotatable=false, moz:geckodriverVersion=0.26.0, timeouts={implicit=0, pageLoad=300000, script=30000}, pageLoadStrategy=normal, unhandledPromptBehavior=dismiss and notify, strictFileInteractability=false, moz:headless=false, platform=WINDOWS, moz:accessibilityChecks=false, moz:useNonSpecCompliantPointerOrigin=false, acceptInsecureCerts=true, browserVersion=73.0.1, moz:shutdownTimeout=60000, platformVersion=10.0, moz:processID=2260, browserName=firefox, moz:buildID=20200217142647, javascriptEnabled=true, platformName=WINDOWS, setWindowRect=true, moz:webdriverClick=true}]
Session ID: 5c458e2d-51d0-456f-b95f-c017f6adece6">
      <![CDATA[org.openqa.selenium.WebDriverException: Reached error page: about:neterror?e=netTimeout&u=http%3A//realty-real-estatem1.upskills.in/admin&c=UTF-8&f=regular&d=The%20server%20at%20realty-real-estatem1.upskills.in%20is%20taking%20too%20long%20to%20respond.
Build info: version: '3.6.0', revision: '6fbf3ec767', time: '2017-09-27T15:28:36.4Z'
System info: host: 'DESKTOP-AFRULSQ', ip: '9.85.70.2', os.name: 'Windows 10', os.arch: 'amd64', os.version: '10.0', java.version: '1.8.0_231'
Driver info: org.openqa.selenium.firefox.FirefoxDriver
Capabilities [{moz:profile=C:\Users\SUHASINIPOKKALLA\AppData\Local\Temp\rust_mozprofilezOCvuf, rotatable=false, moz:geckodriverVersion=0.26.0, timeouts={implicit=0, pageLoad=300000, script=30000}, pageLoadStrategy=normal, unhandledPromptBehavior=dismiss and notify, strictFileInteractability=false, moz:headless=false, platform=WINDOWS, moz:accessibilityChecks=false, moz:useNonSpecCompliantPointerOrigin=false, acceptInsecureCerts=true, browserVersion=73.0.1, moz:shutdownTimeout=60000, platformVersion=10.0, moz:processID=2260, browserName=firefox, moz:buildID=20200217142647, javascriptEnabled=true, platformName=WINDOWS, setWindowRect=true, moz:webdriverClick=true}]
Session ID: 5c458e2d-51d0-456f-b95f-c017f6adece6
	at org.openqa.selenium.remote.http.W3CHttpResponseCodec.createException(W3CHttpResponseCodec.java:185)
	at org.openqa.selenium.remote.http.W3CHttpResponseCodec.decode(W3CHttpResponseCodec.java:120)
	at org.openqa.selenium.remote.http.W3CHttpResponseCodec.decode(W3CHttpResponseCodec.java:49)
	at org.openqa.selenium.remote.HttpCommandExecutor.execute(HttpCommandExecutor.java:164)
	at org.openqa.selenium.remote.service.DriverCommandExecutor.execute(DriverCommandExecutor.java:83)
	at org.openqa.selenium.remote.RemoteWebDriver.execute(RemoteWebDriver.java:586)
	at org.openqa.selenium.remote.RemoteWebDriver.get(RemoteWebDriver.java:310)
	at com.training.sanity.tests.RealEstatetestcasesRETC_034.setUpBeforeClass(RealEstatetestcasesRETC_034.java:49)
... Removed 29 stack frames]]>
    </failure>
  </testcase> <!-- @BeforeClass setUpBeforeClass -->
  <testcase name="validLoginTest" time="0.0" classname="com.training.sanity.tests.RealEstatetestcasesRETC_034">
    <skipped/>
  </testcase> <!-- validLoginTest -->
</testsuite> <!-- Default test(failed) -->
