<?xml version="1.0" encoding="UTF-8"?>
<testng-results skipped="0" failed="0" ignored="0" total="1" passed="1">
  <reporter-output>
    <line>
      <![CDATA[There was an error trying to send your message. Please try again later.]]>
    </line>
  </reporter-output>
  <suite name="Default suite" duration-ms="61333" started-at="2020-03-12T09:16:08Z" finished-at="2020-03-12T09:17:09Z">
    <groups>
    </groups>
    <test name="Default test" duration-ms="61333" started-at="2020-03-12T09:16:08Z" finished-at="2020-03-12T09:17:09Z">
      <class name="com.training.sanity.tests.RealEstatetestcasesRETC_034">
        <test-method status="PASS" signature="setUpBeforeClass()[pri:0, instance:com.training.sanity.tests.RealEstatetestcasesRETC_034@457e2f02]" name="setUpBeforeClass" is-config="true" duration-ms="10573" started-at="2020-03-12T14:46:08Z" finished-at="2020-03-12T14:46:18Z">
          <reporter-output>
          </reporter-output>
        </test-method> <!-- setUpBeforeClass -->
        <test-method status="PASS" signature="validEnquiryincommercialtab()[pri:0, instance:com.training.sanity.tests.RealEstatetestcasesRETC_034@457e2f02]" name="validEnquiryincommercialtab" duration-ms="49718" started-at="2020-03-12T14:46:18Z" finished-at="2020-03-12T14:47:08Z">
          <reporter-output>
            <line>
              <![CDATA[There was an error trying to send your message. Please try again later.]]>
            </line>
          </reporter-output>
        </test-method> <!-- validEnquiryincommercialtab -->
        <test-method status="PASS" signature="tearDown()[pri:0, instance:com.training.sanity.tests.RealEstatetestcasesRETC_034@457e2f02]" name="tearDown" is-config="true" duration-ms="1003" started-at="2020-03-12T14:47:08Z" finished-at="2020-03-12T14:47:09Z">
          <reporter-output>
          </reporter-output>
        </test-method> <!-- tearDown -->
      </class> <!-- com.training.sanity.tests.RealEstatetestcasesRETC_034 -->
    </test> <!-- Default test -->
  </suite> <!-- Default suite -->
</testng-results>
